<?xml version="1.0" encoding="UTF-8"?>
<testng-results skipped="0" failed="0" ignored="0" total="1" passed="1">
  <reporter-output>
  </reporter-output>
  <suite name="Default suite" duration-ms="4114" started-at="2019-01-28T09:45:55Z" finished-at="2019-01-28T09:45:59Z">
    <groups>
    </groups>
    <test name="Default test" duration-ms="4114" started-at="2019-01-28T09:45:55Z" finished-at="2019-01-28T09:45:59Z">
      <class name="com.MavenTest.MavenTestNGSample.ReadingTestData">
        <test-method status="PASS" signature="initApachePOI()[pri:0, instance:com.MavenTest.MavenTestNGSample.ReadingTestData@ed9d034]" name="initApachePOI" duration-ms="4033" started-at="2019-01-28T09:45:55Z" finished-at="2019-01-28T09:45:59Z">
          <reporter-output>
          </reporter-output>
        </test-method> <!-- initApachePOI -->
      </class> <!-- com.MavenTest.MavenTestNGSample.ReadingTestData -->
    </test> <!-- Default test -->
  </suite> <!-- Default suite -->
</testng-results>
