<?xml version="1.0" encoding="UTF-8"?>
<testng-results skipped="0" failed="0" ignored="0" total="1" passed="1">
  <reporter-output>
  </reporter-output>
  <suite name="Default suite" duration-ms="49601" started-at="2019-01-16T05:48:25Z" finished-at="2019-01-16T05:49:14Z">
    <groups>
    </groups>
    <test name="Default test" duration-ms="49601" started-at="2019-01-16T05:48:25Z" finished-at="2019-01-16T05:49:14Z">
      <class name="com.MavenTest.MavenTestNGSample.AppTest">
        <test-method status="PASS" signature="chromeTest()[pri:0, instance:com.MavenTest.MavenTestNGSample.AppTest@77f99a05]" name="chromeTest" is-config="true" duration-ms="31331" started-at="2019-01-16T05:48:25Z" finished-at="2019-01-16T05:48:56Z">
          <reporter-output>
          </reporter-output>
        </test-method> <!-- chromeTest -->
        <test-method status="PASS" signature="test()[pri:0, instance:com.MavenTest.MavenTestNGSample.AppTest@77f99a05]" name="test" duration-ms="18172" started-at="2019-01-16T05:48:56Z" finished-at="2019-01-16T05:49:14Z">
          <reporter-output>
          </reporter-output>
        </test-method> <!-- test -->
      </class> <!-- com.MavenTest.MavenTestNGSample.AppTest -->
    </test> <!-- Default test -->
  </suite> <!-- Default suite -->
</testng-results>
